Created by PLY version 3.10 (http://www.dabeaz.com/ply)

Grammar

Rule 0     S' -> statement
Rule 1     statement -> LPAREN INTERP statement fdlist defrdSub RPAREN
Rule 2     statement -> LPAREN RUN statement fdlist defrdSub RPAREN
Rule 3     statement -> LPAREN INTERP statement defrdSub RPAREN
Rule 4     statement -> LPAREN RUN statement defrdSub RPAREN
Rule 5     statement -> LPAREN PARSE statement RPAREN
Rule 6     statement -> LPAREN SUBST statement SYMBOL statement RPAREN
Rule 7     statement -> LBPAREN PLUS statement statement RBPAREN
Rule 8     statement -> LPAREN ADD statement statement RPAREN
Rule 9     statement -> LBPAREN MINUS statement statement RBPAREN
Rule 10    statement -> LPAREN SUB statement statement RPAREN
Rule 11    statement -> number
Rule 12    statement -> LPAREN NUM number RPAREN
Rule 13    statement -> sym
Rule 14    statement -> LPAREN ID sym RPAREN
Rule 15    statement -> LBPAREN WITH LBPAREN SYMBOL statement RBPAREN statement RBPAREN
Rule 16    statement -> LPAREN WITH SYMBOL statement statement RPAREN
Rule 17    statement -> LBPAREN SYMBOL statement RBPAREN
Rule 18    statement -> LPAREN APP SYMBOL statement RPAREN
Rule 19    fdlist -> none
Rule 20    fdlist -> EMPTY
Rule 21    fdlist -> LPAREN LIST fds RPAREN
Rule 22    fds -> fd
Rule 23    fds -> fds fd
Rule 24    fd -> LBPAREN DEFFUN LBPAREN SYMBOL SYMBOL RBPAREN statement RBPAREN
Rule 25    fd -> LPAREN FUNDEF SYMBOL SYMBOL statement RPAREN
Rule 26    number -> NUMBER
Rule 27    number -> MINUS NUMBER
Rule 28    sym -> SYMBOL
Rule 29    defrdSub -> none
Rule 30    defrdSub -> LPAREN MTSUB RPAREN
Rule 31    defrdSub -> LPAREN ASUB SYMBOL number defrdSub RPAREN
Rule 32    none -> <empty>

Terminals, with rules where they appear

ADD                  : 8
APP                  : 18
ASUB                 : 31
DEFFUN               : 24
EMPTY                : 20
FUNDEF               : 25
ID                   : 14
INTERP               : 1 3
LBPAREN              : 7 9 15 15 17 24 24
LIST                 : 21
LPAREN               : 1 2 3 4 5 6 8 10 12 14 16 18 21 25 30 31
MINUS                : 9 27
MTSUB                : 30
NUM                  : 12
NUMBER               : 26 27
PARSE                : 5
PLUS                 : 7
RBPAREN              : 7 9 15 15 17 24 24
RPAREN               : 1 2 3 4 5 6 8 10 12 14 16 18 21 25 30 31
RUN                  : 2 4
SUB                  : 10
SUBST                : 6
SYMBOL               : 6 15 16 17 18 24 24 25 25 28 31
WITH                 : 15 16
error                : 

Nonterminals, with rules where they appear

defrdSub             : 1 2 3 4 31
fd                   : 22 23
fdlist               : 1 2
fds                  : 21 23
none                 : 19 29
number               : 11 12 31
statement            : 1 2 3 4 5 6 6 7 7 8 8 9 9 10 10 15 15 16 16 17 18 24 25 0
sym                  : 13 14

Parsing method: LALR

state 0

    (0) S' -> . statement
    (1) statement -> . LPAREN INTERP statement fdlist defrdSub RPAREN
    (2) statement -> . LPAREN RUN statement fdlist defrdSub RPAREN
    (3) statement -> . LPAREN INTERP statement defrdSub RPAREN
    (4) statement -> . LPAREN RUN statement defrdSub RPAREN
    (5) statement -> . LPAREN PARSE statement RPAREN
    (6) statement -> . LPAREN SUBST statement SYMBOL statement RPAREN
    (7) statement -> . LBPAREN PLUS statement statement RBPAREN
    (8) statement -> . LPAREN ADD statement statement RPAREN
    (9) statement -> . LBPAREN MINUS statement statement RBPAREN
    (10) statement -> . LPAREN SUB statement statement RPAREN
    (11) statement -> . number
    (12) statement -> . LPAREN NUM number RPAREN
    (13) statement -> . sym
    (14) statement -> . LPAREN ID sym RPAREN
    (15) statement -> . LBPAREN WITH LBPAREN SYMBOL statement RBPAREN statement RBPAREN
    (16) statement -> . LPAREN WITH SYMBOL statement statement RPAREN
    (17) statement -> . LBPAREN SYMBOL statement RBPAREN
    (18) statement -> . LPAREN APP SYMBOL statement RPAREN
    (26) number -> . NUMBER
    (27) number -> . MINUS NUMBER
    (28) sym -> . SYMBOL

    LPAREN          shift and go to state 2
    LBPAREN         shift and go to state 4
    NUMBER          shift and go to state 3
    MINUS           shift and go to state 7
    SYMBOL          shift and go to state 6

    sym                            shift and go to state 1
    number                         shift and go to state 8
    statement                      shift and go to state 5

state 1

    (13) statement -> sym .

    RBPAREN         reduce using rule 13 (statement -> sym .)
    LPAREN          reduce using rule 13 (statement -> sym .)
    LBPAREN         reduce using rule 13 (statement -> sym .)
    NUMBER          reduce using rule 13 (statement -> sym .)
    MINUS           reduce using rule 13 (statement -> sym .)
    SYMBOL          reduce using rule 13 (statement -> sym .)
    RPAREN          reduce using rule 13 (statement -> sym .)
    EMPTY           reduce using rule 13 (statement -> sym .)
    $end            reduce using rule 13 (statement -> sym .)


state 2

    (1) statement -> LPAREN . INTERP statement fdlist defrdSub RPAREN
    (2) statement -> LPAREN . RUN statement fdlist defrdSub RPAREN
    (3) statement -> LPAREN . INTERP statement defrdSub RPAREN
    (4) statement -> LPAREN . RUN statement defrdSub RPAREN
    (5) statement -> LPAREN . PARSE statement RPAREN
    (6) statement -> LPAREN . SUBST statement SYMBOL statement RPAREN
    (8) statement -> LPAREN . ADD statement statement RPAREN
    (10) statement -> LPAREN . SUB statement statement RPAREN
    (12) statement -> LPAREN . NUM number RPAREN
    (14) statement -> LPAREN . ID sym RPAREN
    (16) statement -> LPAREN . WITH SYMBOL statement statement RPAREN
    (18) statement -> LPAREN . APP SYMBOL statement RPAREN

    INTERP          shift and go to state 9
    RUN             shift and go to state 16
    PARSE           shift and go to state 15
    SUBST           shift and go to state 11
    ADD             shift and go to state 13
    SUB             shift and go to state 12
    NUM             shift and go to state 17
    ID              shift and go to state 18
    WITH            shift and go to state 14
    APP             shift and go to state 10


state 3

    (26) number -> NUMBER .

    LPAREN          reduce using rule 26 (number -> NUMBER .)
    RPAREN          reduce using rule 26 (number -> NUMBER .)
    EMPTY           reduce using rule 26 (number -> NUMBER .)
    LBPAREN         reduce using rule 26 (number -> NUMBER .)
    NUMBER          reduce using rule 26 (number -> NUMBER .)
    MINUS           reduce using rule 26 (number -> NUMBER .)
    SYMBOL          reduce using rule 26 (number -> NUMBER .)
    RBPAREN         reduce using rule 26 (number -> NUMBER .)
    $end            reduce using rule 26 (number -> NUMBER .)


state 4

    (7) statement -> LBPAREN . PLUS statement statement RBPAREN
    (9) statement -> LBPAREN . MINUS statement statement RBPAREN
    (15) statement -> LBPAREN . WITH LBPAREN SYMBOL statement RBPAREN statement RBPAREN
    (17) statement -> LBPAREN . SYMBOL statement RBPAREN

    PLUS            shift and go to state 21
    MINUS           shift and go to state 19
    WITH            shift and go to state 22
    SYMBOL          shift and go to state 20


state 5

    (0) S' -> statement .



state 6

    (28) sym -> SYMBOL .

    SYMBOL          reduce using rule 28 (sym -> SYMBOL .)
    LPAREN          reduce using rule 28 (sym -> SYMBOL .)
    LBPAREN         reduce using rule 28 (sym -> SYMBOL .)
    NUMBER          reduce using rule 28 (sym -> SYMBOL .)
    MINUS           reduce using rule 28 (sym -> SYMBOL .)
    RPAREN          reduce using rule 28 (sym -> SYMBOL .)
    RBPAREN         reduce using rule 28 (sym -> SYMBOL .)
    EMPTY           reduce using rule 28 (sym -> SYMBOL .)
    $end            reduce using rule 28 (sym -> SYMBOL .)


state 7

    (27) number -> MINUS . NUMBER

    NUMBER          shift and go to state 23


state 8

    (11) statement -> number .

    RBPAREN         reduce using rule 11 (statement -> number .)
    LPAREN          reduce using rule 11 (statement -> number .)
    LBPAREN         reduce using rule 11 (statement -> number .)
    NUMBER          reduce using rule 11 (statement -> number .)
    MINUS           reduce using rule 11 (statement -> number .)
    SYMBOL          reduce using rule 11 (statement -> number .)
    RPAREN          reduce using rule 11 (statement -> number .)
    EMPTY           reduce using rule 11 (statement -> number .)
    $end            reduce using rule 11 (statement -> number .)


state 9

    (1) statement -> LPAREN INTERP . statement fdlist defrdSub RPAREN
    (3) statement -> LPAREN INTERP . statement defrdSub RPAREN
    (1) statement -> . LPAREN INTERP statement fdlist defrdSub RPAREN
    (2) statement -> . LPAREN RUN statement fdlist defrdSub RPAREN
    (3) statement -> . LPAREN INTERP statement defrdSub RPAREN
    (4) statement -> . LPAREN RUN statement defrdSub RPAREN
    (5) statement -> . LPAREN PARSE statement RPAREN
    (6) statement -> . LPAREN SUBST statement SYMBOL statement RPAREN
    (7) statement -> . LBPAREN PLUS statement statement RBPAREN
    (8) statement -> . LPAREN ADD statement statement RPAREN
    (9) statement -> . LBPAREN MINUS statement statement RBPAREN
    (10) statement -> . LPAREN SUB statement statement RPAREN
    (11) statement -> . number
    (12) statement -> . LPAREN NUM number RPAREN
    (13) statement -> . sym
    (14) statement -> . LPAREN ID sym RPAREN
    (15) statement -> . LBPAREN WITH LBPAREN SYMBOL statement RBPAREN statement RBPAREN
    (16) statement -> . LPAREN WITH SYMBOL statement statement RPAREN
    (17) statement -> . LBPAREN SYMBOL statement RBPAREN
    (18) statement -> . LPAREN APP SYMBOL statement RPAREN
    (26) number -> . NUMBER
    (27) number -> . MINUS NUMBER
    (28) sym -> . SYMBOL

    LPAREN          shift and go to state 2
    LBPAREN         shift and go to state 4
    NUMBER          shift and go to state 3
    MINUS           shift and go to state 7
    SYMBOL          shift and go to state 6

    sym                            shift and go to state 1
    number                         shift and go to state 8
    statement                      shift and go to state 24

state 10

    (18) statement -> LPAREN APP . SYMBOL statement RPAREN

    SYMBOL          shift and go to state 25


state 11

    (6) statement -> LPAREN SUBST . statement SYMBOL statement RPAREN
    (1) statement -> . LPAREN INTERP statement fdlist defrdSub RPAREN
    (2) statement -> . LPAREN RUN statement fdlist defrdSub RPAREN
    (3) statement -> . LPAREN INTERP statement defrdSub RPAREN
    (4) statement -> . LPAREN RUN statement defrdSub RPAREN
    (5) statement -> . LPAREN PARSE statement RPAREN
    (6) statement -> . LPAREN SUBST statement SYMBOL statement RPAREN
    (7) statement -> . LBPAREN PLUS statement statement RBPAREN
    (8) statement -> . LPAREN ADD statement statement RPAREN
    (9) statement -> . LBPAREN MINUS statement statement RBPAREN
    (10) statement -> . LPAREN SUB statement statement RPAREN
    (11) statement -> . number
    (12) statement -> . LPAREN NUM number RPAREN
    (13) statement -> . sym
    (14) statement -> . LPAREN ID sym RPAREN
    (15) statement -> . LBPAREN WITH LBPAREN SYMBOL statement RBPAREN statement RBPAREN
    (16) statement -> . LPAREN WITH SYMBOL statement statement RPAREN
    (17) statement -> . LBPAREN SYMBOL statement RBPAREN
    (18) statement -> . LPAREN APP SYMBOL statement RPAREN
    (26) number -> . NUMBER
    (27) number -> . MINUS NUMBER
    (28) sym -> . SYMBOL

    LPAREN          shift and go to state 2
    LBPAREN         shift and go to state 4
    NUMBER          shift and go to state 3
    MINUS           shift and go to state 7
    SYMBOL          shift and go to state 6

    sym                            shift and go to state 1
    number                         shift and go to state 8
    statement                      shift and go to state 26

state 12

    (10) statement -> LPAREN SUB . statement statement RPAREN
    (1) statement -> . LPAREN INTERP statement fdlist defrdSub RPAREN
    (2) statement -> . LPAREN RUN statement fdlist defrdSub RPAREN
    (3) statement -> . LPAREN INTERP statement defrdSub RPAREN
    (4) statement -> . LPAREN RUN statement defrdSub RPAREN
    (5) statement -> . LPAREN PARSE statement RPAREN
    (6) statement -> . LPAREN SUBST statement SYMBOL statement RPAREN
    (7) statement -> . LBPAREN PLUS statement statement RBPAREN
    (8) statement -> . LPAREN ADD statement statement RPAREN
    (9) statement -> . LBPAREN MINUS statement statement RBPAREN
    (10) statement -> . LPAREN SUB statement statement RPAREN
    (11) statement -> . number
    (12) statement -> . LPAREN NUM number RPAREN
    (13) statement -> . sym
    (14) statement -> . LPAREN ID sym RPAREN
    (15) statement -> . LBPAREN WITH LBPAREN SYMBOL statement RBPAREN statement RBPAREN
    (16) statement -> . LPAREN WITH SYMBOL statement statement RPAREN
    (17) statement -> . LBPAREN SYMBOL statement RBPAREN
    (18) statement -> . LPAREN APP SYMBOL statement RPAREN
    (26) number -> . NUMBER
    (27) number -> . MINUS NUMBER
    (28) sym -> . SYMBOL

    LPAREN          shift and go to state 2
    LBPAREN         shift and go to state 4
    NUMBER          shift and go to state 3
    MINUS           shift and go to state 7
    SYMBOL          shift and go to state 6

    sym                            shift and go to state 1
    number                         shift and go to state 8
    statement                      shift and go to state 27

state 13

    (8) statement -> LPAREN ADD . statement statement RPAREN
    (1) statement -> . LPAREN INTERP statement fdlist defrdSub RPAREN
    (2) statement -> . LPAREN RUN statement fdlist defrdSub RPAREN
    (3) statement -> . LPAREN INTERP statement defrdSub RPAREN
    (4) statement -> . LPAREN RUN statement defrdSub RPAREN
    (5) statement -> . LPAREN PARSE statement RPAREN
    (6) statement -> . LPAREN SUBST statement SYMBOL statement RPAREN
    (7) statement -> . LBPAREN PLUS statement statement RBPAREN
    (8) statement -> . LPAREN ADD statement statement RPAREN
    (9) statement -> . LBPAREN MINUS statement statement RBPAREN
    (10) statement -> . LPAREN SUB statement statement RPAREN
    (11) statement -> . number
    (12) statement -> . LPAREN NUM number RPAREN
    (13) statement -> . sym
    (14) statement -> . LPAREN ID sym RPAREN
    (15) statement -> . LBPAREN WITH LBPAREN SYMBOL statement RBPAREN statement RBPAREN
    (16) statement -> . LPAREN WITH SYMBOL statement statement RPAREN
    (17) statement -> . LBPAREN SYMBOL statement RBPAREN
    (18) statement -> . LPAREN APP SYMBOL statement RPAREN
    (26) number -> . NUMBER
    (27) number -> . MINUS NUMBER
    (28) sym -> . SYMBOL

    LPAREN          shift and go to state 2
    LBPAREN         shift and go to state 4
    NUMBER          shift and go to state 3
    MINUS           shift and go to state 7
    SYMBOL          shift and go to state 6

    sym                            shift and go to state 1
    number                         shift and go to state 8
    statement                      shift and go to state 28

state 14

    (16) statement -> LPAREN WITH . SYMBOL statement statement RPAREN

    SYMBOL          shift and go to state 29


state 15

    (5) statement -> LPAREN PARSE . statement RPAREN
    (1) statement -> . LPAREN INTERP statement fdlist defrdSub RPAREN
    (2) statement -> . LPAREN RUN statement fdlist defrdSub RPAREN
    (3) statement -> . LPAREN INTERP statement defrdSub RPAREN
    (4) statement -> . LPAREN RUN statement defrdSub RPAREN
    (5) statement -> . LPAREN PARSE statement RPAREN
    (6) statement -> . LPAREN SUBST statement SYMBOL statement RPAREN
    (7) statement -> . LBPAREN PLUS statement statement RBPAREN
    (8) statement -> . LPAREN ADD statement statement RPAREN
    (9) statement -> . LBPAREN MINUS statement statement RBPAREN
    (10) statement -> . LPAREN SUB statement statement RPAREN
    (11) statement -> . number
    (12) statement -> . LPAREN NUM number RPAREN
    (13) statement -> . sym
    (14) statement -> . LPAREN ID sym RPAREN
    (15) statement -> . LBPAREN WITH LBPAREN SYMBOL statement RBPAREN statement RBPAREN
    (16) statement -> . LPAREN WITH SYMBOL statement statement RPAREN
    (17) statement -> . LBPAREN SYMBOL statement RBPAREN
    (18) statement -> . LPAREN APP SYMBOL statement RPAREN
    (26) number -> . NUMBER
    (27) number -> . MINUS NUMBER
    (28) sym -> . SYMBOL

    LPAREN          shift and go to state 2
    LBPAREN         shift and go to state 4
    NUMBER          shift and go to state 3
    MINUS           shift and go to state 7
    SYMBOL          shift and go to state 6

    sym                            shift and go to state 1
    number                         shift and go to state 8
    statement                      shift and go to state 30

state 16

    (2) statement -> LPAREN RUN . statement fdlist defrdSub RPAREN
    (4) statement -> LPAREN RUN . statement defrdSub RPAREN
    (1) statement -> . LPAREN INTERP statement fdlist defrdSub RPAREN
    (2) statement -> . LPAREN RUN statement fdlist defrdSub RPAREN
    (3) statement -> . LPAREN INTERP statement defrdSub RPAREN
    (4) statement -> . LPAREN RUN statement defrdSub RPAREN
    (5) statement -> . LPAREN PARSE statement RPAREN
    (6) statement -> . LPAREN SUBST statement SYMBOL statement RPAREN
    (7) statement -> . LBPAREN PLUS statement statement RBPAREN
    (8) statement -> . LPAREN ADD statement statement RPAREN
    (9) statement -> . LBPAREN MINUS statement statement RBPAREN
    (10) statement -> . LPAREN SUB statement statement RPAREN
    (11) statement -> . number
    (12) statement -> . LPAREN NUM number RPAREN
    (13) statement -> . sym
    (14) statement -> . LPAREN ID sym RPAREN
    (15) statement -> . LBPAREN WITH LBPAREN SYMBOL statement RBPAREN statement RBPAREN
    (16) statement -> . LPAREN WITH SYMBOL statement statement RPAREN
    (17) statement -> . LBPAREN SYMBOL statement RBPAREN
    (18) statement -> . LPAREN APP SYMBOL statement RPAREN
    (26) number -> . NUMBER
    (27) number -> . MINUS NUMBER
    (28) sym -> . SYMBOL

    LPAREN          shift and go to state 2
    LBPAREN         shift and go to state 4
    NUMBER          shift and go to state 3
    MINUS           shift and go to state 7
    SYMBOL          shift and go to state 6

    sym                            shift and go to state 1
    number                         shift and go to state 8
    statement                      shift and go to state 31

state 17

    (12) statement -> LPAREN NUM . number RPAREN
    (26) number -> . NUMBER
    (27) number -> . MINUS NUMBER

    NUMBER          shift and go to state 3
    MINUS           shift and go to state 7

    number                         shift and go to state 32

state 18

    (14) statement -> LPAREN ID . sym RPAREN
    (28) sym -> . SYMBOL

    SYMBOL          shift and go to state 6

    sym                            shift and go to state 33

state 19

    (9) statement -> LBPAREN MINUS . statement statement RBPAREN
    (1) statement -> . LPAREN INTERP statement fdlist defrdSub RPAREN
    (2) statement -> . LPAREN RUN statement fdlist defrdSub RPAREN
    (3) statement -> . LPAREN INTERP statement defrdSub RPAREN
    (4) statement -> . LPAREN RUN statement defrdSub RPAREN
    (5) statement -> . LPAREN PARSE statement RPAREN
    (6) statement -> . LPAREN SUBST statement SYMBOL statement RPAREN
    (7) statement -> . LBPAREN PLUS statement statement RBPAREN
    (8) statement -> . LPAREN ADD statement statement RPAREN
    (9) statement -> . LBPAREN MINUS statement statement RBPAREN
    (10) statement -> . LPAREN SUB statement statement RPAREN
    (11) statement -> . number
    (12) statement -> . LPAREN NUM number RPAREN
    (13) statement -> . sym
    (14) statement -> . LPAREN ID sym RPAREN
    (15) statement -> . LBPAREN WITH LBPAREN SYMBOL statement RBPAREN statement RBPAREN
    (16) statement -> . LPAREN WITH SYMBOL statement statement RPAREN
    (17) statement -> . LBPAREN SYMBOL statement RBPAREN
    (18) statement -> . LPAREN APP SYMBOL statement RPAREN
    (26) number -> . NUMBER
    (27) number -> . MINUS NUMBER
    (28) sym -> . SYMBOL

    LPAREN          shift and go to state 2
    LBPAREN         shift and go to state 4
    NUMBER          shift and go to state 3
    MINUS           shift and go to state 7
    SYMBOL          shift and go to state 6

    sym                            shift and go to state 1
    number                         shift and go to state 8
    statement                      shift and go to state 34

state 20

    (17) statement -> LBPAREN SYMBOL . statement RBPAREN
    (1) statement -> . LPAREN INTERP statement fdlist defrdSub RPAREN
    (2) statement -> . LPAREN RUN statement fdlist defrdSub RPAREN
    (3) statement -> . LPAREN INTERP statement defrdSub RPAREN
    (4) statement -> . LPAREN RUN statement defrdSub RPAREN
    (5) statement -> . LPAREN PARSE statement RPAREN
    (6) statement -> . LPAREN SUBST statement SYMBOL statement RPAREN
    (7) statement -> . LBPAREN PLUS statement statement RBPAREN
    (8) statement -> . LPAREN ADD statement statement RPAREN
    (9) statement -> . LBPAREN MINUS statement statement RBPAREN
    (10) statement -> . LPAREN SUB statement statement RPAREN
    (11) statement -> . number
    (12) statement -> . LPAREN NUM number RPAREN
    (13) statement -> . sym
    (14) statement -> . LPAREN ID sym RPAREN
    (15) statement -> . LBPAREN WITH LBPAREN SYMBOL statement RBPAREN statement RBPAREN
    (16) statement -> . LPAREN WITH SYMBOL statement statement RPAREN
    (17) statement -> . LBPAREN SYMBOL statement RBPAREN
    (18) statement -> . LPAREN APP SYMBOL statement RPAREN
    (26) number -> . NUMBER
    (27) number -> . MINUS NUMBER
    (28) sym -> . SYMBOL

    LPAREN          shift and go to state 2
    LBPAREN         shift and go to state 4
    NUMBER          shift and go to state 3
    MINUS           shift and go to state 7
    SYMBOL          shift and go to state 6

    sym                            shift and go to state 1
    number                         shift and go to state 8
    statement                      shift and go to state 35

state 21

    (7) statement -> LBPAREN PLUS . statement statement RBPAREN
    (1) statement -> . LPAREN INTERP statement fdlist defrdSub RPAREN
    (2) statement -> . LPAREN RUN statement fdlist defrdSub RPAREN
    (3) statement -> . LPAREN INTERP statement defrdSub RPAREN
    (4) statement -> . LPAREN RUN statement defrdSub RPAREN
    (5) statement -> . LPAREN PARSE statement RPAREN
    (6) statement -> . LPAREN SUBST statement SYMBOL statement RPAREN
    (7) statement -> . LBPAREN PLUS statement statement RBPAREN
    (8) statement -> . LPAREN ADD statement statement RPAREN
    (9) statement -> . LBPAREN MINUS statement statement RBPAREN
    (10) statement -> . LPAREN SUB statement statement RPAREN
    (11) statement -> . number
    (12) statement -> . LPAREN NUM number RPAREN
    (13) statement -> . sym
    (14) statement -> . LPAREN ID sym RPAREN
    (15) statement -> . LBPAREN WITH LBPAREN SYMBOL statement RBPAREN statement RBPAREN
    (16) statement -> . LPAREN WITH SYMBOL statement statement RPAREN
    (17) statement -> . LBPAREN SYMBOL statement RBPAREN
    (18) statement -> . LPAREN APP SYMBOL statement RPAREN
    (26) number -> . NUMBER
    (27) number -> . MINUS NUMBER
    (28) sym -> . SYMBOL

    LPAREN          shift and go to state 2
    LBPAREN         shift and go to state 4
    NUMBER          shift and go to state 3
    MINUS           shift and go to state 7
    SYMBOL          shift and go to state 6

    sym                            shift and go to state 1
    number                         shift and go to state 8
    statement                      shift and go to state 36

state 22

    (15) statement -> LBPAREN WITH . LBPAREN SYMBOL statement RBPAREN statement RBPAREN

    LBPAREN         shift and go to state 37


state 23

    (27) number -> MINUS NUMBER .

    LPAREN          reduce using rule 27 (number -> MINUS NUMBER .)
    RPAREN          reduce using rule 27 (number -> MINUS NUMBER .)
    EMPTY           reduce using rule 27 (number -> MINUS NUMBER .)
    LBPAREN         reduce using rule 27 (number -> MINUS NUMBER .)
    NUMBER          reduce using rule 27 (number -> MINUS NUMBER .)
    MINUS           reduce using rule 27 (number -> MINUS NUMBER .)
    SYMBOL          reduce using rule 27 (number -> MINUS NUMBER .)
    RBPAREN         reduce using rule 27 (number -> MINUS NUMBER .)
    $end            reduce using rule 27 (number -> MINUS NUMBER .)


state 24

    (1) statement -> LPAREN INTERP statement . fdlist defrdSub RPAREN
    (3) statement -> LPAREN INTERP statement . defrdSub RPAREN
    (19) fdlist -> . none
    (20) fdlist -> . EMPTY
    (21) fdlist -> . LPAREN LIST fds RPAREN
    (29) defrdSub -> . none
    (30) defrdSub -> . LPAREN MTSUB RPAREN
    (31) defrdSub -> . LPAREN ASUB SYMBOL number defrdSub RPAREN
    (32) none -> .

  ! shift/reduce conflict for LPAREN resolved as shift
    EMPTY           shift and go to state 40
    LPAREN          shift and go to state 41
    RPAREN          reduce using rule 32 (none -> .)

  ! LPAREN          [ reduce using rule 32 (none -> .) ]

    fdlist                         shift and go to state 38
    defrdSub                       shift and go to state 42
    none                           shift and go to state 39

state 25

    (18) statement -> LPAREN APP SYMBOL . statement RPAREN
    (1) statement -> . LPAREN INTERP statement fdlist defrdSub RPAREN
    (2) statement -> . LPAREN RUN statement fdlist defrdSub RPAREN
    (3) statement -> . LPAREN INTERP statement defrdSub RPAREN
    (4) statement -> . LPAREN RUN statement defrdSub RPAREN
    (5) statement -> . LPAREN PARSE statement RPAREN
    (6) statement -> . LPAREN SUBST statement SYMBOL statement RPAREN
    (7) statement -> . LBPAREN PLUS statement statement RBPAREN
    (8) statement -> . LPAREN ADD statement statement RPAREN
    (9) statement -> . LBPAREN MINUS statement statement RBPAREN
    (10) statement -> . LPAREN SUB statement statement RPAREN
    (11) statement -> . number
    (12) statement -> . LPAREN NUM number RPAREN
    (13) statement -> . sym
    (14) statement -> . LPAREN ID sym RPAREN
    (15) statement -> . LBPAREN WITH LBPAREN SYMBOL statement RBPAREN statement RBPAREN
    (16) statement -> . LPAREN WITH SYMBOL statement statement RPAREN
    (17) statement -> . LBPAREN SYMBOL statement RBPAREN
    (18) statement -> . LPAREN APP SYMBOL statement RPAREN
    (26) number -> . NUMBER
    (27) number -> . MINUS NUMBER
    (28) sym -> . SYMBOL

    LPAREN          shift and go to state 2
    LBPAREN         shift and go to state 4
    NUMBER          shift and go to state 3
    MINUS           shift and go to state 7
    SYMBOL          shift and go to state 6

    sym                            shift and go to state 1
    number                         shift and go to state 8
    statement                      shift and go to state 43

state 26

    (6) statement -> LPAREN SUBST statement . SYMBOL statement RPAREN

    SYMBOL          shift and go to state 44


state 27

    (10) statement -> LPAREN SUB statement . statement RPAREN
    (1) statement -> . LPAREN INTERP statement fdlist defrdSub RPAREN
    (2) statement -> . LPAREN RUN statement fdlist defrdSub RPAREN
    (3) statement -> . LPAREN INTERP statement defrdSub RPAREN
    (4) statement -> . LPAREN RUN statement defrdSub RPAREN
    (5) statement -> . LPAREN PARSE statement RPAREN
    (6) statement -> . LPAREN SUBST statement SYMBOL statement RPAREN
    (7) statement -> . LBPAREN PLUS statement statement RBPAREN
    (8) statement -> . LPAREN ADD statement statement RPAREN
    (9) statement -> . LBPAREN MINUS statement statement RBPAREN
    (10) statement -> . LPAREN SUB statement statement RPAREN
    (11) statement -> . number
    (12) statement -> . LPAREN NUM number RPAREN
    (13) statement -> . sym
    (14) statement -> . LPAREN ID sym RPAREN
    (15) statement -> . LBPAREN WITH LBPAREN SYMBOL statement RBPAREN statement RBPAREN
    (16) statement -> . LPAREN WITH SYMBOL statement statement RPAREN
    (17) statement -> . LBPAREN SYMBOL statement RBPAREN
    (18) statement -> . LPAREN APP SYMBOL statement RPAREN
    (26) number -> . NUMBER
    (27) number -> . MINUS NUMBER
    (28) sym -> . SYMBOL

    LPAREN          shift and go to state 2
    LBPAREN         shift and go to state 4
    NUMBER          shift and go to state 3
    MINUS           shift and go to state 7
    SYMBOL          shift and go to state 6

    sym                            shift and go to state 1
    number                         shift and go to state 8
    statement                      shift and go to state 45

state 28

    (8) statement -> LPAREN ADD statement . statement RPAREN
    (1) statement -> . LPAREN INTERP statement fdlist defrdSub RPAREN
    (2) statement -> . LPAREN RUN statement fdlist defrdSub RPAREN
    (3) statement -> . LPAREN INTERP statement defrdSub RPAREN
    (4) statement -> . LPAREN RUN statement defrdSub RPAREN
    (5) statement -> . LPAREN PARSE statement RPAREN
    (6) statement -> . LPAREN SUBST statement SYMBOL statement RPAREN
    (7) statement -> . LBPAREN PLUS statement statement RBPAREN
    (8) statement -> . LPAREN ADD statement statement RPAREN
    (9) statement -> . LBPAREN MINUS statement statement RBPAREN
    (10) statement -> . LPAREN SUB statement statement RPAREN
    (11) statement -> . number
    (12) statement -> . LPAREN NUM number RPAREN
    (13) statement -> . sym
    (14) statement -> . LPAREN ID sym RPAREN
    (15) statement -> . LBPAREN WITH LBPAREN SYMBOL statement RBPAREN statement RBPAREN
    (16) statement -> . LPAREN WITH SYMBOL statement statement RPAREN
    (17) statement -> . LBPAREN SYMBOL statement RBPAREN
    (18) statement -> . LPAREN APP SYMBOL statement RPAREN
    (26) number -> . NUMBER
    (27) number -> . MINUS NUMBER
    (28) sym -> . SYMBOL

    LPAREN          shift and go to state 2
    LBPAREN         shift and go to state 4
    NUMBER          shift and go to state 3
    MINUS           shift and go to state 7
    SYMBOL          shift and go to state 6

    sym                            shift and go to state 1
    number                         shift and go to state 8
    statement                      shift and go to state 46

state 29

    (16) statement -> LPAREN WITH SYMBOL . statement statement RPAREN
    (1) statement -> . LPAREN INTERP statement fdlist defrdSub RPAREN
    (2) statement -> . LPAREN RUN statement fdlist defrdSub RPAREN
    (3) statement -> . LPAREN INTERP statement defrdSub RPAREN
    (4) statement -> . LPAREN RUN statement defrdSub RPAREN
    (5) statement -> . LPAREN PARSE statement RPAREN
    (6) statement -> . LPAREN SUBST statement SYMBOL statement RPAREN
    (7) statement -> . LBPAREN PLUS statement statement RBPAREN
    (8) statement -> . LPAREN ADD statement statement RPAREN
    (9) statement -> . LBPAREN MINUS statement statement RBPAREN
    (10) statement -> . LPAREN SUB statement statement RPAREN
    (11) statement -> . number
    (12) statement -> . LPAREN NUM number RPAREN
    (13) statement -> . sym
    (14) statement -> . LPAREN ID sym RPAREN
    (15) statement -> . LBPAREN WITH LBPAREN SYMBOL statement RBPAREN statement RBPAREN
    (16) statement -> . LPAREN WITH SYMBOL statement statement RPAREN
    (17) statement -> . LBPAREN SYMBOL statement RBPAREN
    (18) statement -> . LPAREN APP SYMBOL statement RPAREN
    (26) number -> . NUMBER
    (27) number -> . MINUS NUMBER
    (28) sym -> . SYMBOL

    LPAREN          shift and go to state 2
    LBPAREN         shift and go to state 4
    NUMBER          shift and go to state 3
    MINUS           shift and go to state 7
    SYMBOL          shift and go to state 6

    sym                            shift and go to state 1
    number                         shift and go to state 8
    statement                      shift and go to state 47

state 30

    (5) statement -> LPAREN PARSE statement . RPAREN

    RPAREN          shift and go to state 48


state 31

    (2) statement -> LPAREN RUN statement . fdlist defrdSub RPAREN
    (4) statement -> LPAREN RUN statement . defrdSub RPAREN
    (19) fdlist -> . none
    (20) fdlist -> . EMPTY
    (21) fdlist -> . LPAREN LIST fds RPAREN
    (29) defrdSub -> . none
    (30) defrdSub -> . LPAREN MTSUB RPAREN
    (31) defrdSub -> . LPAREN ASUB SYMBOL number defrdSub RPAREN
    (32) none -> .

  ! shift/reduce conflict for LPAREN resolved as shift
    EMPTY           shift and go to state 40
    LPAREN          shift and go to state 41
    RPAREN          reduce using rule 32 (none -> .)

  ! LPAREN          [ reduce using rule 32 (none -> .) ]

    fdlist                         shift and go to state 49
    defrdSub                       shift and go to state 50
    none                           shift and go to state 39

state 32

    (12) statement -> LPAREN NUM number . RPAREN

    RPAREN          shift and go to state 51


state 33

    (14) statement -> LPAREN ID sym . RPAREN

    RPAREN          shift and go to state 52


state 34

    (9) statement -> LBPAREN MINUS statement . statement RBPAREN
    (1) statement -> . LPAREN INTERP statement fdlist defrdSub RPAREN
    (2) statement -> . LPAREN RUN statement fdlist defrdSub RPAREN
    (3) statement -> . LPAREN INTERP statement defrdSub RPAREN
    (4) statement -> . LPAREN RUN statement defrdSub RPAREN
    (5) statement -> . LPAREN PARSE statement RPAREN
    (6) statement -> . LPAREN SUBST statement SYMBOL statement RPAREN
    (7) statement -> . LBPAREN PLUS statement statement RBPAREN
    (8) statement -> . LPAREN ADD statement statement RPAREN
    (9) statement -> . LBPAREN MINUS statement statement RBPAREN
    (10) statement -> . LPAREN SUB statement statement RPAREN
    (11) statement -> . number
    (12) statement -> . LPAREN NUM number RPAREN
    (13) statement -> . sym
    (14) statement -> . LPAREN ID sym RPAREN
    (15) statement -> . LBPAREN WITH LBPAREN SYMBOL statement RBPAREN statement RBPAREN
    (16) statement -> . LPAREN WITH SYMBOL statement statement RPAREN
    (17) statement -> . LBPAREN SYMBOL statement RBPAREN
    (18) statement -> . LPAREN APP SYMBOL statement RPAREN
    (26) number -> . NUMBER
    (27) number -> . MINUS NUMBER
    (28) sym -> . SYMBOL

    LPAREN          shift and go to state 2
    LBPAREN         shift and go to state 4
    NUMBER          shift and go to state 3
    MINUS           shift and go to state 7
    SYMBOL          shift and go to state 6

    sym                            shift and go to state 1
    number                         shift and go to state 8
    statement                      shift and go to state 53

state 35

    (17) statement -> LBPAREN SYMBOL statement . RBPAREN

    RBPAREN         shift and go to state 54


state 36

    (7) statement -> LBPAREN PLUS statement . statement RBPAREN
    (1) statement -> . LPAREN INTERP statement fdlist defrdSub RPAREN
    (2) statement -> . LPAREN RUN statement fdlist defrdSub RPAREN
    (3) statement -> . LPAREN INTERP statement defrdSub RPAREN
    (4) statement -> . LPAREN RUN statement defrdSub RPAREN
    (5) statement -> . LPAREN PARSE statement RPAREN
    (6) statement -> . LPAREN SUBST statement SYMBOL statement RPAREN
    (7) statement -> . LBPAREN PLUS statement statement RBPAREN
    (8) statement -> . LPAREN ADD statement statement RPAREN
    (9) statement -> . LBPAREN MINUS statement statement RBPAREN
    (10) statement -> . LPAREN SUB statement statement RPAREN
    (11) statement -> . number
    (12) statement -> . LPAREN NUM number RPAREN
    (13) statement -> . sym
    (14) statement -> . LPAREN ID sym RPAREN
    (15) statement -> . LBPAREN WITH LBPAREN SYMBOL statement RBPAREN statement RBPAREN
    (16) statement -> . LPAREN WITH SYMBOL statement statement RPAREN
    (17) statement -> . LBPAREN SYMBOL statement RBPAREN
    (18) statement -> . LPAREN APP SYMBOL statement RPAREN
    (26) number -> . NUMBER
    (27) number -> . MINUS NUMBER
    (28) sym -> . SYMBOL

    LPAREN          shift and go to state 2
    LBPAREN         shift and go to state 4
    NUMBER          shift and go to state 3
    MINUS           shift and go to state 7
    SYMBOL          shift and go to state 6

    sym                            shift and go to state 1
    number                         shift and go to state 8
    statement                      shift and go to state 55

state 37

    (15) statement -> LBPAREN WITH LBPAREN . SYMBOL statement RBPAREN statement RBPAREN

    SYMBOL          shift and go to state 56


state 38

    (1) statement -> LPAREN INTERP statement fdlist . defrdSub RPAREN
    (29) defrdSub -> . none
    (30) defrdSub -> . LPAREN MTSUB RPAREN
    (31) defrdSub -> . LPAREN ASUB SYMBOL number defrdSub RPAREN
    (32) none -> .

    LPAREN          shift and go to state 58
    RPAREN          reduce using rule 32 (none -> .)

    none                           shift and go to state 59
    defrdSub                       shift and go to state 57

state 39

    (19) fdlist -> none .
    (29) defrdSub -> none .

  ! reduce/reduce conflict for RPAREN resolved using rule 19 (fdlist -> none .)
    LPAREN          reduce using rule 19 (fdlist -> none .)
    RPAREN          reduce using rule 19 (fdlist -> none .)

  ! RPAREN          [ reduce using rule 29 (defrdSub -> none .) ]


state 40

    (20) fdlist -> EMPTY .

    LPAREN          reduce using rule 20 (fdlist -> EMPTY .)
    RPAREN          reduce using rule 20 (fdlist -> EMPTY .)


state 41

    (21) fdlist -> LPAREN . LIST fds RPAREN
    (30) defrdSub -> LPAREN . MTSUB RPAREN
    (31) defrdSub -> LPAREN . ASUB SYMBOL number defrdSub RPAREN

    LIST            shift and go to state 60
    MTSUB           shift and go to state 62
    ASUB            shift and go to state 61


state 42

    (3) statement -> LPAREN INTERP statement defrdSub . RPAREN

    RPAREN          shift and go to state 63


state 43

    (18) statement -> LPAREN APP SYMBOL statement . RPAREN

    RPAREN          shift and go to state 64


state 44

    (6) statement -> LPAREN SUBST statement SYMBOL . statement RPAREN
    (1) statement -> . LPAREN INTERP statement fdlist defrdSub RPAREN
    (2) statement -> . LPAREN RUN statement fdlist defrdSub RPAREN
    (3) statement -> . LPAREN INTERP statement defrdSub RPAREN
    (4) statement -> . LPAREN RUN statement defrdSub RPAREN
    (5) statement -> . LPAREN PARSE statement RPAREN
    (6) statement -> . LPAREN SUBST statement SYMBOL statement RPAREN
    (7) statement -> . LBPAREN PLUS statement statement RBPAREN
    (8) statement -> . LPAREN ADD statement statement RPAREN
    (9) statement -> . LBPAREN MINUS statement statement RBPAREN
    (10) statement -> . LPAREN SUB statement statement RPAREN
    (11) statement -> . number
    (12) statement -> . LPAREN NUM number RPAREN
    (13) statement -> . sym
    (14) statement -> . LPAREN ID sym RPAREN
    (15) statement -> . LBPAREN WITH LBPAREN SYMBOL statement RBPAREN statement RBPAREN
    (16) statement -> . LPAREN WITH SYMBOL statement statement RPAREN
    (17) statement -> . LBPAREN SYMBOL statement RBPAREN
    (18) statement -> . LPAREN APP SYMBOL statement RPAREN
    (26) number -> . NUMBER
    (27) number -> . MINUS NUMBER
    (28) sym -> . SYMBOL

    LPAREN          shift and go to state 2
    LBPAREN         shift and go to state 4
    NUMBER          shift and go to state 3
    MINUS           shift and go to state 7
    SYMBOL          shift and go to state 6

    sym                            shift and go to state 1
    number                         shift and go to state 8
    statement                      shift and go to state 65

state 45

    (10) statement -> LPAREN SUB statement statement . RPAREN

    RPAREN          shift and go to state 66


state 46

    (8) statement -> LPAREN ADD statement statement . RPAREN

    RPAREN          shift and go to state 67


state 47

    (16) statement -> LPAREN WITH SYMBOL statement . statement RPAREN
    (1) statement -> . LPAREN INTERP statement fdlist defrdSub RPAREN
    (2) statement -> . LPAREN RUN statement fdlist defrdSub RPAREN
    (3) statement -> . LPAREN INTERP statement defrdSub RPAREN
    (4) statement -> . LPAREN RUN statement defrdSub RPAREN
    (5) statement -> . LPAREN PARSE statement RPAREN
    (6) statement -> . LPAREN SUBST statement SYMBOL statement RPAREN
    (7) statement -> . LBPAREN PLUS statement statement RBPAREN
    (8) statement -> . LPAREN ADD statement statement RPAREN
    (9) statement -> . LBPAREN MINUS statement statement RBPAREN
    (10) statement -> . LPAREN SUB statement statement RPAREN
    (11) statement -> . number
    (12) statement -> . LPAREN NUM number RPAREN
    (13) statement -> . sym
    (14) statement -> . LPAREN ID sym RPAREN
    (15) statement -> . LBPAREN WITH LBPAREN SYMBOL statement RBPAREN statement RBPAREN
    (16) statement -> . LPAREN WITH SYMBOL statement statement RPAREN
    (17) statement -> . LBPAREN SYMBOL statement RBPAREN
    (18) statement -> . LPAREN APP SYMBOL statement RPAREN
    (26) number -> . NUMBER
    (27) number -> . MINUS NUMBER
    (28) sym -> . SYMBOL

    LPAREN          shift and go to state 2
    LBPAREN         shift and go to state 4
    NUMBER          shift and go to state 3
    MINUS           shift and go to state 7
    SYMBOL          shift and go to state 6

    sym                            shift and go to state 1
    number                         shift and go to state 8
    statement                      shift and go to state 68

state 48

    (5) statement -> LPAREN PARSE statement RPAREN .

    RBPAREN         reduce using rule 5 (statement -> LPAREN PARSE statement RPAREN .)
    LPAREN          reduce using rule 5 (statement -> LPAREN PARSE statement RPAREN .)
    LBPAREN         reduce using rule 5 (statement -> LPAREN PARSE statement RPAREN .)
    NUMBER          reduce using rule 5 (statement -> LPAREN PARSE statement RPAREN .)
    MINUS           reduce using rule 5 (statement -> LPAREN PARSE statement RPAREN .)
    SYMBOL          reduce using rule 5 (statement -> LPAREN PARSE statement RPAREN .)
    RPAREN          reduce using rule 5 (statement -> LPAREN PARSE statement RPAREN .)
    EMPTY           reduce using rule 5 (statement -> LPAREN PARSE statement RPAREN .)
    $end            reduce using rule 5 (statement -> LPAREN PARSE statement RPAREN .)


state 49

    (2) statement -> LPAREN RUN statement fdlist . defrdSub RPAREN
    (29) defrdSub -> . none
    (30) defrdSub -> . LPAREN MTSUB RPAREN
    (31) defrdSub -> . LPAREN ASUB SYMBOL number defrdSub RPAREN
    (32) none -> .

    LPAREN          shift and go to state 58
    RPAREN          reduce using rule 32 (none -> .)

    none                           shift and go to state 59
    defrdSub                       shift and go to state 69

state 50

    (4) statement -> LPAREN RUN statement defrdSub . RPAREN

    RPAREN          shift and go to state 70


state 51

    (12) statement -> LPAREN NUM number RPAREN .

    RBPAREN         reduce using rule 12 (statement -> LPAREN NUM number RPAREN .)
    LPAREN          reduce using rule 12 (statement -> LPAREN NUM number RPAREN .)
    LBPAREN         reduce using rule 12 (statement -> LPAREN NUM number RPAREN .)
    NUMBER          reduce using rule 12 (statement -> LPAREN NUM number RPAREN .)
    MINUS           reduce using rule 12 (statement -> LPAREN NUM number RPAREN .)
    SYMBOL          reduce using rule 12 (statement -> LPAREN NUM number RPAREN .)
    RPAREN          reduce using rule 12 (statement -> LPAREN NUM number RPAREN .)
    EMPTY           reduce using rule 12 (statement -> LPAREN NUM number RPAREN .)
    $end            reduce using rule 12 (statement -> LPAREN NUM number RPAREN .)


state 52

    (14) statement -> LPAREN ID sym RPAREN .

    RBPAREN         reduce using rule 14 (statement -> LPAREN ID sym RPAREN .)
    LPAREN          reduce using rule 14 (statement -> LPAREN ID sym RPAREN .)
    LBPAREN         reduce using rule 14 (statement -> LPAREN ID sym RPAREN .)
    NUMBER          reduce using rule 14 (statement -> LPAREN ID sym RPAREN .)
    MINUS           reduce using rule 14 (statement -> LPAREN ID sym RPAREN .)
    SYMBOL          reduce using rule 14 (statement -> LPAREN ID sym RPAREN .)
    RPAREN          reduce using rule 14 (statement -> LPAREN ID sym RPAREN .)
    EMPTY           reduce using rule 14 (statement -> LPAREN ID sym RPAREN .)
    $end            reduce using rule 14 (statement -> LPAREN ID sym RPAREN .)


state 53

    (9) statement -> LBPAREN MINUS statement statement . RBPAREN

    RBPAREN         shift and go to state 71


state 54

    (17) statement -> LBPAREN SYMBOL statement RBPAREN .

    RBPAREN         reduce using rule 17 (statement -> LBPAREN SYMBOL statement RBPAREN .)
    LPAREN          reduce using rule 17 (statement -> LBPAREN SYMBOL statement RBPAREN .)
    LBPAREN         reduce using rule 17 (statement -> LBPAREN SYMBOL statement RBPAREN .)
    NUMBER          reduce using rule 17 (statement -> LBPAREN SYMBOL statement RBPAREN .)
    MINUS           reduce using rule 17 (statement -> LBPAREN SYMBOL statement RBPAREN .)
    SYMBOL          reduce using rule 17 (statement -> LBPAREN SYMBOL statement RBPAREN .)
    RPAREN          reduce using rule 17 (statement -> LBPAREN SYMBOL statement RBPAREN .)
    EMPTY           reduce using rule 17 (statement -> LBPAREN SYMBOL statement RBPAREN .)
    $end            reduce using rule 17 (statement -> LBPAREN SYMBOL statement RBPAREN .)


state 55

    (7) statement -> LBPAREN PLUS statement statement . RBPAREN

    RBPAREN         shift and go to state 72


state 56

    (15) statement -> LBPAREN WITH LBPAREN SYMBOL . statement RBPAREN statement RBPAREN
    (1) statement -> . LPAREN INTERP statement fdlist defrdSub RPAREN
    (2) statement -> . LPAREN RUN statement fdlist defrdSub RPAREN
    (3) statement -> . LPAREN INTERP statement defrdSub RPAREN
    (4) statement -> . LPAREN RUN statement defrdSub RPAREN
    (5) statement -> . LPAREN PARSE statement RPAREN
    (6) statement -> . LPAREN SUBST statement SYMBOL statement RPAREN
    (7) statement -> . LBPAREN PLUS statement statement RBPAREN
    (8) statement -> . LPAREN ADD statement statement RPAREN
    (9) statement -> . LBPAREN MINUS statement statement RBPAREN
    (10) statement -> . LPAREN SUB statement statement RPAREN
    (11) statement -> . number
    (12) statement -> . LPAREN NUM number RPAREN
    (13) statement -> . sym
    (14) statement -> . LPAREN ID sym RPAREN
    (15) statement -> . LBPAREN WITH LBPAREN SYMBOL statement RBPAREN statement RBPAREN
    (16) statement -> . LPAREN WITH SYMBOL statement statement RPAREN
    (17) statement -> . LBPAREN SYMBOL statement RBPAREN
    (18) statement -> . LPAREN APP SYMBOL statement RPAREN
    (26) number -> . NUMBER
    (27) number -> . MINUS NUMBER
    (28) sym -> . SYMBOL

    LPAREN          shift and go to state 2
    LBPAREN         shift and go to state 4
    NUMBER          shift and go to state 3
    MINUS           shift and go to state 7
    SYMBOL          shift and go to state 6

    sym                            shift and go to state 1
    number                         shift and go to state 8
    statement                      shift and go to state 73

state 57

    (1) statement -> LPAREN INTERP statement fdlist defrdSub . RPAREN

    RPAREN          shift and go to state 74


state 58

    (30) defrdSub -> LPAREN . MTSUB RPAREN
    (31) defrdSub -> LPAREN . ASUB SYMBOL number defrdSub RPAREN

    MTSUB           shift and go to state 62
    ASUB            shift and go to state 61


state 59

    (29) defrdSub -> none .

    RPAREN          reduce using rule 29 (defrdSub -> none .)


state 60

    (21) fdlist -> LPAREN LIST . fds RPAREN
    (22) fds -> . fd
    (23) fds -> . fds fd
    (24) fd -> . LBPAREN DEFFUN LBPAREN SYMBOL SYMBOL RBPAREN statement RBPAREN
    (25) fd -> . LPAREN FUNDEF SYMBOL SYMBOL statement RPAREN

    LBPAREN         shift and go to state 75
    LPAREN          shift and go to state 78

    fds                            shift and go to state 76
    fd                             shift and go to state 77

state 61

    (31) defrdSub -> LPAREN ASUB . SYMBOL number defrdSub RPAREN

    SYMBOL          shift and go to state 79


state 62

    (30) defrdSub -> LPAREN MTSUB . RPAREN

    RPAREN          shift and go to state 80


state 63

    (3) statement -> LPAREN INTERP statement defrdSub RPAREN .

    RBPAREN         reduce using rule 3 (statement -> LPAREN INTERP statement defrdSub RPAREN .)
    LPAREN          reduce using rule 3 (statement -> LPAREN INTERP statement defrdSub RPAREN .)
    LBPAREN         reduce using rule 3 (statement -> LPAREN INTERP statement defrdSub RPAREN .)
    NUMBER          reduce using rule 3 (statement -> LPAREN INTERP statement defrdSub RPAREN .)
    MINUS           reduce using rule 3 (statement -> LPAREN INTERP statement defrdSub RPAREN .)
    SYMBOL          reduce using rule 3 (statement -> LPAREN INTERP statement defrdSub RPAREN .)
    RPAREN          reduce using rule 3 (statement -> LPAREN INTERP statement defrdSub RPAREN .)
    EMPTY           reduce using rule 3 (statement -> LPAREN INTERP statement defrdSub RPAREN .)
    $end            reduce using rule 3 (statement -> LPAREN INTERP statement defrdSub RPAREN .)


state 64

    (18) statement -> LPAREN APP SYMBOL statement RPAREN .

    RBPAREN         reduce using rule 18 (statement -> LPAREN APP SYMBOL statement RPAREN .)
    LPAREN          reduce using rule 18 (statement -> LPAREN APP SYMBOL statement RPAREN .)
    LBPAREN         reduce using rule 18 (statement -> LPAREN APP SYMBOL statement RPAREN .)
    NUMBER          reduce using rule 18 (statement -> LPAREN APP SYMBOL statement RPAREN .)
    MINUS           reduce using rule 18 (statement -> LPAREN APP SYMBOL statement RPAREN .)
    SYMBOL          reduce using rule 18 (statement -> LPAREN APP SYMBOL statement RPAREN .)
    RPAREN          reduce using rule 18 (statement -> LPAREN APP SYMBOL statement RPAREN .)
    EMPTY           reduce using rule 18 (statement -> LPAREN APP SYMBOL statement RPAREN .)
    $end            reduce using rule 18 (statement -> LPAREN APP SYMBOL statement RPAREN .)


state 65

    (6) statement -> LPAREN SUBST statement SYMBOL statement . RPAREN

    RPAREN          shift and go to state 81


state 66

    (10) statement -> LPAREN SUB statement statement RPAREN .

    RBPAREN         reduce using rule 10 (statement -> LPAREN SUB statement statement RPAREN .)
    LPAREN          reduce using rule 10 (statement -> LPAREN SUB statement statement RPAREN .)
    LBPAREN         reduce using rule 10 (statement -> LPAREN SUB statement statement RPAREN .)
    NUMBER          reduce using rule 10 (statement -> LPAREN SUB statement statement RPAREN .)
    MINUS           reduce using rule 10 (statement -> LPAREN SUB statement statement RPAREN .)
    SYMBOL          reduce using rule 10 (statement -> LPAREN SUB statement statement RPAREN .)
    RPAREN          reduce using rule 10 (statement -> LPAREN SUB statement statement RPAREN .)
    EMPTY           reduce using rule 10 (statement -> LPAREN SUB statement statement RPAREN .)
    $end            reduce using rule 10 (statement -> LPAREN SUB statement statement RPAREN .)


state 67

    (8) statement -> LPAREN ADD statement statement RPAREN .

    RBPAREN         reduce using rule 8 (statement -> LPAREN ADD statement statement RPAREN .)
    LPAREN          reduce using rule 8 (statement -> LPAREN ADD statement statement RPAREN .)
    LBPAREN         reduce using rule 8 (statement -> LPAREN ADD statement statement RPAREN .)
    NUMBER          reduce using rule 8 (statement -> LPAREN ADD statement statement RPAREN .)
    MINUS           reduce using rule 8 (statement -> LPAREN ADD statement statement RPAREN .)
    SYMBOL          reduce using rule 8 (statement -> LPAREN ADD statement statement RPAREN .)
    RPAREN          reduce using rule 8 (statement -> LPAREN ADD statement statement RPAREN .)
    EMPTY           reduce using rule 8 (statement -> LPAREN ADD statement statement RPAREN .)
    $end            reduce using rule 8 (statement -> LPAREN ADD statement statement RPAREN .)


state 68

    (16) statement -> LPAREN WITH SYMBOL statement statement . RPAREN

    RPAREN          shift and go to state 82


state 69

    (2) statement -> LPAREN RUN statement fdlist defrdSub . RPAREN

    RPAREN          shift and go to state 83


state 70

    (4) statement -> LPAREN RUN statement defrdSub RPAREN .

    RBPAREN         reduce using rule 4 (statement -> LPAREN RUN statement defrdSub RPAREN .)
    LPAREN          reduce using rule 4 (statement -> LPAREN RUN statement defrdSub RPAREN .)
    LBPAREN         reduce using rule 4 (statement -> LPAREN RUN statement defrdSub RPAREN .)
    NUMBER          reduce using rule 4 (statement -> LPAREN RUN statement defrdSub RPAREN .)
    MINUS           reduce using rule 4 (statement -> LPAREN RUN statement defrdSub RPAREN .)
    SYMBOL          reduce using rule 4 (statement -> LPAREN RUN statement defrdSub RPAREN .)
    RPAREN          reduce using rule 4 (statement -> LPAREN RUN statement defrdSub RPAREN .)
    EMPTY           reduce using rule 4 (statement -> LPAREN RUN statement defrdSub RPAREN .)
    $end            reduce using rule 4 (statement -> LPAREN RUN statement defrdSub RPAREN .)


state 71

    (9) statement -> LBPAREN MINUS statement statement RBPAREN .

    RBPAREN         reduce using rule 9 (statement -> LBPAREN MINUS statement statement RBPAREN .)
    LPAREN          reduce using rule 9 (statement -> LBPAREN MINUS statement statement RBPAREN .)
    LBPAREN         reduce using rule 9 (statement -> LBPAREN MINUS statement statement RBPAREN .)
    NUMBER          reduce using rule 9 (statement -> LBPAREN MINUS statement statement RBPAREN .)
    MINUS           reduce using rule 9 (statement -> LBPAREN MINUS statement statement RBPAREN .)
    SYMBOL          reduce using rule 9 (statement -> LBPAREN MINUS statement statement RBPAREN .)
    RPAREN          reduce using rule 9 (statement -> LBPAREN MINUS statement statement RBPAREN .)
    EMPTY           reduce using rule 9 (statement -> LBPAREN MINUS statement statement RBPAREN .)
    $end            reduce using rule 9 (statement -> LBPAREN MINUS statement statement RBPAREN .)


state 72

    (7) statement -> LBPAREN PLUS statement statement RBPAREN .

    RBPAREN         reduce using rule 7 (statement -> LBPAREN PLUS statement statement RBPAREN .)
    LPAREN          reduce using rule 7 (statement -> LBPAREN PLUS statement statement RBPAREN .)
    LBPAREN         reduce using rule 7 (statement -> LBPAREN PLUS statement statement RBPAREN .)
    NUMBER          reduce using rule 7 (statement -> LBPAREN PLUS statement statement RBPAREN .)
    MINUS           reduce using rule 7 (statement -> LBPAREN PLUS statement statement RBPAREN .)
    SYMBOL          reduce using rule 7 (statement -> LBPAREN PLUS statement statement RBPAREN .)
    RPAREN          reduce using rule 7 (statement -> LBPAREN PLUS statement statement RBPAREN .)
    EMPTY           reduce using rule 7 (statement -> LBPAREN PLUS statement statement RBPAREN .)
    $end            reduce using rule 7 (statement -> LBPAREN PLUS statement statement RBPAREN .)


state 73

    (15) statement -> LBPAREN WITH LBPAREN SYMBOL statement . RBPAREN statement RBPAREN

    RBPAREN         shift and go to state 84


state 74

    (1) statement -> LPAREN INTERP statement fdlist defrdSub RPAREN .

    RBPAREN         reduce using rule 1 (statement -> LPAREN INTERP statement fdlist defrdSub RPAREN .)
    LPAREN          reduce using rule 1 (statement -> LPAREN INTERP statement fdlist defrdSub RPAREN .)
    LBPAREN         reduce using rule 1 (statement -> LPAREN INTERP statement fdlist defrdSub RPAREN .)
    NUMBER          reduce using rule 1 (statement -> LPAREN INTERP statement fdlist defrdSub RPAREN .)
    MINUS           reduce using rule 1 (statement -> LPAREN INTERP statement fdlist defrdSub RPAREN .)
    SYMBOL          reduce using rule 1 (statement -> LPAREN INTERP statement fdlist defrdSub RPAREN .)
    RPAREN          reduce using rule 1 (statement -> LPAREN INTERP statement fdlist defrdSub RPAREN .)
    EMPTY           reduce using rule 1 (statement -> LPAREN INTERP statement fdlist defrdSub RPAREN .)
    $end            reduce using rule 1 (statement -> LPAREN INTERP statement fdlist defrdSub RPAREN .)


state 75

    (24) fd -> LBPAREN . DEFFUN LBPAREN SYMBOL SYMBOL RBPAREN statement RBPAREN

    DEFFUN          shift and go to state 85


state 76

    (21) fdlist -> LPAREN LIST fds . RPAREN
    (23) fds -> fds . fd
    (24) fd -> . LBPAREN DEFFUN LBPAREN SYMBOL SYMBOL RBPAREN statement RBPAREN
    (25) fd -> . LPAREN FUNDEF SYMBOL SYMBOL statement RPAREN

    RPAREN          shift and go to state 87
    LBPAREN         shift and go to state 75
    LPAREN          shift and go to state 78

    fd                             shift and go to state 86

state 77

    (22) fds -> fd .

    RPAREN          reduce using rule 22 (fds -> fd .)
    LBPAREN         reduce using rule 22 (fds -> fd .)
    LPAREN          reduce using rule 22 (fds -> fd .)


state 78

    (25) fd -> LPAREN . FUNDEF SYMBOL SYMBOL statement RPAREN

    FUNDEF          shift and go to state 88


state 79

    (31) defrdSub -> LPAREN ASUB SYMBOL . number defrdSub RPAREN
    (26) number -> . NUMBER
    (27) number -> . MINUS NUMBER

    NUMBER          shift and go to state 3
    MINUS           shift and go to state 7

    number                         shift and go to state 89

state 80

    (30) defrdSub -> LPAREN MTSUB RPAREN .

    RPAREN          reduce using rule 30 (defrdSub -> LPAREN MTSUB RPAREN .)


state 81

    (6) statement -> LPAREN SUBST statement SYMBOL statement RPAREN .

    RBPAREN         reduce using rule 6 (statement -> LPAREN SUBST statement SYMBOL statement RPAREN .)
    LPAREN          reduce using rule 6 (statement -> LPAREN SUBST statement SYMBOL statement RPAREN .)
    LBPAREN         reduce using rule 6 (statement -> LPAREN SUBST statement SYMBOL statement RPAREN .)
    NUMBER          reduce using rule 6 (statement -> LPAREN SUBST statement SYMBOL statement RPAREN .)
    MINUS           reduce using rule 6 (statement -> LPAREN SUBST statement SYMBOL statement RPAREN .)
    SYMBOL          reduce using rule 6 (statement -> LPAREN SUBST statement SYMBOL statement RPAREN .)
    RPAREN          reduce using rule 6 (statement -> LPAREN SUBST statement SYMBOL statement RPAREN .)
    EMPTY           reduce using rule 6 (statement -> LPAREN SUBST statement SYMBOL statement RPAREN .)
    $end            reduce using rule 6 (statement -> LPAREN SUBST statement SYMBOL statement RPAREN .)


state 82

    (16) statement -> LPAREN WITH SYMBOL statement statement RPAREN .

    RBPAREN         reduce using rule 16 (statement -> LPAREN WITH SYMBOL statement statement RPAREN .)
    LPAREN          reduce using rule 16 (statement -> LPAREN WITH SYMBOL statement statement RPAREN .)
    LBPAREN         reduce using rule 16 (statement -> LPAREN WITH SYMBOL statement statement RPAREN .)
    NUMBER          reduce using rule 16 (statement -> LPAREN WITH SYMBOL statement statement RPAREN .)
    MINUS           reduce using rule 16 (statement -> LPAREN WITH SYMBOL statement statement RPAREN .)
    SYMBOL          reduce using rule 16 (statement -> LPAREN WITH SYMBOL statement statement RPAREN .)
    RPAREN          reduce using rule 16 (statement -> LPAREN WITH SYMBOL statement statement RPAREN .)
    EMPTY           reduce using rule 16 (statement -> LPAREN WITH SYMBOL statement statement RPAREN .)
    $end            reduce using rule 16 (statement -> LPAREN WITH SYMBOL statement statement RPAREN .)


state 83

    (2) statement -> LPAREN RUN statement fdlist defrdSub RPAREN .

    RBPAREN         reduce using rule 2 (statement -> LPAREN RUN statement fdlist defrdSub RPAREN .)
    LPAREN          reduce using rule 2 (statement -> LPAREN RUN statement fdlist defrdSub RPAREN .)
    LBPAREN         reduce using rule 2 (statement -> LPAREN RUN statement fdlist defrdSub RPAREN .)
    NUMBER          reduce using rule 2 (statement -> LPAREN RUN statement fdlist defrdSub RPAREN .)
    MINUS           reduce using rule 2 (statement -> LPAREN RUN statement fdlist defrdSub RPAREN .)
    SYMBOL          reduce using rule 2 (statement -> LPAREN RUN statement fdlist defrdSub RPAREN .)
    RPAREN          reduce using rule 2 (statement -> LPAREN RUN statement fdlist defrdSub RPAREN .)
    EMPTY           reduce using rule 2 (statement -> LPAREN RUN statement fdlist defrdSub RPAREN .)
    $end            reduce using rule 2 (statement -> LPAREN RUN statement fdlist defrdSub RPAREN .)


state 84

    (15) statement -> LBPAREN WITH LBPAREN SYMBOL statement RBPAREN . statement RBPAREN
    (1) statement -> . LPAREN INTERP statement fdlist defrdSub RPAREN
    (2) statement -> . LPAREN RUN statement fdlist defrdSub RPAREN
    (3) statement -> . LPAREN INTERP statement defrdSub RPAREN
    (4) statement -> . LPAREN RUN statement defrdSub RPAREN
    (5) statement -> . LPAREN PARSE statement RPAREN
    (6) statement -> . LPAREN SUBST statement SYMBOL statement RPAREN
    (7) statement -> . LBPAREN PLUS statement statement RBPAREN
    (8) statement -> . LPAREN ADD statement statement RPAREN
    (9) statement -> . LBPAREN MINUS statement statement RBPAREN
    (10) statement -> . LPAREN SUB statement statement RPAREN
    (11) statement -> . number
    (12) statement -> . LPAREN NUM number RPAREN
    (13) statement -> . sym
    (14) statement -> . LPAREN ID sym RPAREN
    (15) statement -> . LBPAREN WITH LBPAREN SYMBOL statement RBPAREN statement RBPAREN
    (16) statement -> . LPAREN WITH SYMBOL statement statement RPAREN
    (17) statement -> . LBPAREN SYMBOL statement RBPAREN
    (18) statement -> . LPAREN APP SYMBOL statement RPAREN
    (26) number -> . NUMBER
    (27) number -> . MINUS NUMBER
    (28) sym -> . SYMBOL

    LPAREN          shift and go to state 2
    LBPAREN         shift and go to state 4
    NUMBER          shift and go to state 3
    MINUS           shift and go to state 7
    SYMBOL          shift and go to state 6

    sym                            shift and go to state 1
    number                         shift and go to state 8
    statement                      shift and go to state 90

state 85

    (24) fd -> LBPAREN DEFFUN . LBPAREN SYMBOL SYMBOL RBPAREN statement RBPAREN

    LBPAREN         shift and go to state 91


state 86

    (23) fds -> fds fd .

    RPAREN          reduce using rule 23 (fds -> fds fd .)
    LBPAREN         reduce using rule 23 (fds -> fds fd .)
    LPAREN          reduce using rule 23 (fds -> fds fd .)


state 87

    (21) fdlist -> LPAREN LIST fds RPAREN .

    LPAREN          reduce using rule 21 (fdlist -> LPAREN LIST fds RPAREN .)
    RPAREN          reduce using rule 21 (fdlist -> LPAREN LIST fds RPAREN .)


state 88

    (25) fd -> LPAREN FUNDEF . SYMBOL SYMBOL statement RPAREN

    SYMBOL          shift and go to state 92


state 89

    (31) defrdSub -> LPAREN ASUB SYMBOL number . defrdSub RPAREN
    (29) defrdSub -> . none
    (30) defrdSub -> . LPAREN MTSUB RPAREN
    (31) defrdSub -> . LPAREN ASUB SYMBOL number defrdSub RPAREN
    (32) none -> .

    LPAREN          shift and go to state 58
    RPAREN          reduce using rule 32 (none -> .)

    none                           shift and go to state 59
    defrdSub                       shift and go to state 93

state 90

    (15) statement -> LBPAREN WITH LBPAREN SYMBOL statement RBPAREN statement . RBPAREN

    RBPAREN         shift and go to state 94


state 91

    (24) fd -> LBPAREN DEFFUN LBPAREN . SYMBOL SYMBOL RBPAREN statement RBPAREN

    SYMBOL          shift and go to state 95


state 92

    (25) fd -> LPAREN FUNDEF SYMBOL . SYMBOL statement RPAREN

    SYMBOL          shift and go to state 96


state 93

    (31) defrdSub -> LPAREN ASUB SYMBOL number defrdSub . RPAREN

    RPAREN          shift and go to state 97


state 94

    (15) statement -> LBPAREN WITH LBPAREN SYMBOL statement RBPAREN statement RBPAREN .

    RBPAREN         reduce using rule 15 (statement -> LBPAREN WITH LBPAREN SYMBOL statement RBPAREN statement RBPAREN .)
    LPAREN          reduce using rule 15 (statement -> LBPAREN WITH LBPAREN SYMBOL statement RBPAREN statement RBPAREN .)
    LBPAREN         reduce using rule 15 (statement -> LBPAREN WITH LBPAREN SYMBOL statement RBPAREN statement RBPAREN .)
    NUMBER          reduce using rule 15 (statement -> LBPAREN WITH LBPAREN SYMBOL statement RBPAREN statement RBPAREN .)
    MINUS           reduce using rule 15 (statement -> LBPAREN WITH LBPAREN SYMBOL statement RBPAREN statement RBPAREN .)
    SYMBOL          reduce using rule 15 (statement -> LBPAREN WITH LBPAREN SYMBOL statement RBPAREN statement RBPAREN .)
    RPAREN          reduce using rule 15 (statement -> LBPAREN WITH LBPAREN SYMBOL statement RBPAREN statement RBPAREN .)
    EMPTY           reduce using rule 15 (statement -> LBPAREN WITH LBPAREN SYMBOL statement RBPAREN statement RBPAREN .)
    $end            reduce using rule 15 (statement -> LBPAREN WITH LBPAREN SYMBOL statement RBPAREN statement RBPAREN .)


state 95

    (24) fd -> LBPAREN DEFFUN LBPAREN SYMBOL . SYMBOL RBPAREN statement RBPAREN

    SYMBOL          shift and go to state 98


state 96

    (25) fd -> LPAREN FUNDEF SYMBOL SYMBOL . statement RPAREN
    (1) statement -> . LPAREN INTERP statement fdlist defrdSub RPAREN
    (2) statement -> . LPAREN RUN statement fdlist defrdSub RPAREN
    (3) statement -> . LPAREN INTERP statement defrdSub RPAREN
    (4) statement -> . LPAREN RUN statement defrdSub RPAREN
    (5) statement -> . LPAREN PARSE statement RPAREN
    (6) statement -> . LPAREN SUBST statement SYMBOL statement RPAREN
    (7) statement -> . LBPAREN PLUS statement statement RBPAREN
    (8) statement -> . LPAREN ADD statement statement RPAREN
    (9) statement -> . LBPAREN MINUS statement statement RBPAREN
    (10) statement -> . LPAREN SUB statement statement RPAREN
    (11) statement -> . number
    (12) statement -> . LPAREN NUM number RPAREN
    (13) statement -> . sym
    (14) statement -> . LPAREN ID sym RPAREN
    (15) statement -> . LBPAREN WITH LBPAREN SYMBOL statement RBPAREN statement RBPAREN
    (16) statement -> . LPAREN WITH SYMBOL statement statement RPAREN
    (17) statement -> . LBPAREN SYMBOL statement RBPAREN
    (18) statement -> . LPAREN APP SYMBOL statement RPAREN
    (26) number -> . NUMBER
    (27) number -> . MINUS NUMBER
    (28) sym -> . SYMBOL

    LPAREN          shift and go to state 2
    LBPAREN         shift and go to state 4
    NUMBER          shift and go to state 3
    MINUS           shift and go to state 7
    SYMBOL          shift and go to state 6

    sym                            shift and go to state 1
    number                         shift and go to state 8
    statement                      shift and go to state 99

state 97

    (31) defrdSub -> LPAREN ASUB SYMBOL number defrdSub RPAREN .

    RPAREN          reduce using rule 31 (defrdSub -> LPAREN ASUB SYMBOL number defrdSub RPAREN .)


state 98

    (24) fd -> LBPAREN DEFFUN LBPAREN SYMBOL SYMBOL . RBPAREN statement RBPAREN

    RBPAREN         shift and go to state 100


state 99

    (25) fd -> LPAREN FUNDEF SYMBOL SYMBOL statement . RPAREN

    RPAREN          shift and go to state 101


state 100

    (24) fd -> LBPAREN DEFFUN LBPAREN SYMBOL SYMBOL RBPAREN . statement RBPAREN
    (1) statement -> . LPAREN INTERP statement fdlist defrdSub RPAREN
    (2) statement -> . LPAREN RUN statement fdlist defrdSub RPAREN
    (3) statement -> . LPAREN INTERP statement defrdSub RPAREN
    (4) statement -> . LPAREN RUN statement defrdSub RPAREN
    (5) statement -> . LPAREN PARSE statement RPAREN
    (6) statement -> . LPAREN SUBST statement SYMBOL statement RPAREN
    (7) statement -> . LBPAREN PLUS statement statement RBPAREN
    (8) statement -> . LPAREN ADD statement statement RPAREN
    (9) statement -> . LBPAREN MINUS statement statement RBPAREN
    (10) statement -> . LPAREN SUB statement statement RPAREN
    (11) statement -> . number
    (12) statement -> . LPAREN NUM number RPAREN
    (13) statement -> . sym
    (14) statement -> . LPAREN ID sym RPAREN
    (15) statement -> . LBPAREN WITH LBPAREN SYMBOL statement RBPAREN statement RBPAREN
    (16) statement -> . LPAREN WITH SYMBOL statement statement RPAREN
    (17) statement -> . LBPAREN SYMBOL statement RBPAREN
    (18) statement -> . LPAREN APP SYMBOL statement RPAREN
    (26) number -> . NUMBER
    (27) number -> . MINUS NUMBER
    (28) sym -> . SYMBOL

    LPAREN          shift and go to state 2
    LBPAREN         shift and go to state 4
    NUMBER          shift and go to state 3
    MINUS           shift and go to state 7
    SYMBOL          shift and go to state 6

    sym                            shift and go to state 1
    number                         shift and go to state 8
    statement                      shift and go to state 102

state 101

    (25) fd -> LPAREN FUNDEF SYMBOL SYMBOL statement RPAREN .

    RPAREN          reduce using rule 25 (fd -> LPAREN FUNDEF SYMBOL SYMBOL statement RPAREN .)
    LBPAREN         reduce using rule 25 (fd -> LPAREN FUNDEF SYMBOL SYMBOL statement RPAREN .)
    LPAREN          reduce using rule 25 (fd -> LPAREN FUNDEF SYMBOL SYMBOL statement RPAREN .)


state 102

    (24) fd -> LBPAREN DEFFUN LBPAREN SYMBOL SYMBOL RBPAREN statement . RBPAREN

    RBPAREN         shift and go to state 103


state 103

    (24) fd -> LBPAREN DEFFUN LBPAREN SYMBOL SYMBOL RBPAREN statement RBPAREN .

    RPAREN          reduce using rule 24 (fd -> LBPAREN DEFFUN LBPAREN SYMBOL SYMBOL RBPAREN statement RBPAREN .)
    LBPAREN         reduce using rule 24 (fd -> LBPAREN DEFFUN LBPAREN SYMBOL SYMBOL RBPAREN statement RBPAREN .)
    LPAREN          reduce using rule 24 (fd -> LBPAREN DEFFUN LBPAREN SYMBOL SYMBOL RBPAREN statement RBPAREN .)

WARNING: 
WARNING: Conflicts:
WARNING: 
WARNING: shift/reduce conflict for LPAREN in state 24 resolved as shift
WARNING: shift/reduce conflict for LPAREN in state 31 resolved as shift
WARNING: reduce/reduce conflict in state 39 resolved using rule (fdlist -> none)
WARNING: rejected rule (defrdSub -> none) in state 39
